# JRE version: Java(TM) SE Runtime Environment (8.0_151-b12) (build 1.8.0_151-b12)
# Java VM: Java HotSpot(TM) 64-Bit Server VM (25.151-b12 mixed mode windows-amd64 compressed oops)
Heap:
 PSYoungGen      total 121856K, used 118993K [0x00000000d6180000, 0x00000000de300000, 0x0000000100000000)
  eden space 111104K, 97% used [0x00000000d6180000,0x00000000dcb3a240,0x00000000dce00000)
  from space 10752K, 99% used [0x00000000dce00000,0x00000000dd87a1c0,0x00000000dd880000)
  to   space 9728K, 0% used [0x00000000dd900000,0x00000000dd900000,0x00000000de280000)
 ParOldGen       total 52224K, used 30399K [0x0000000082400000, 0x0000000085700000, 0x00000000d6180000)
  object space 52224K, 58% used [0x0000000082400000,0x00000000841afc28,0x0000000085700000)
 Metaspace       used 41359K, capacity 41846K, committed 42240K, reserved 1089536K
  class space    used 5240K, capacity 5369K, committed 5376K, reserved 1048576K
GC Heap History (10 events):
Event: 8.309 GC heap before
{Heap before GC invocations=11 (full 1):
 PSYoungGen      total 121856K, used 103889K [0x00000000d6180000, 0x00000000de300000, 0x0000000100000000)
  eden space 111104K, 83% used [0x00000000d6180000,0x00000000dbc74928,0x00000000dce00000)
  from space 10752K, 99% used [0x00000000dce00000,0x00000000dd87fc40,0x00000000dd880000)
  to   space 9728K, 0% used [0x00000000dd900000,0x00000000dd900000,0x00000000de280000)
 ParOldGen       total 52224K, used 14318K [0x0000000082400000, 0x0000000085700000, 0x00000000d6180000)
  object space 52224K, 27% used [0x0000000082400000,0x00000000831fba28,0x0000000085700000)
 Metaspace       used 34818K, capacity 35222K, committed 35496K, reserved 1081344K
  class space    used 4388K, capacity 4482K, committed 4608K, reserved 1048576K
Event: 8.325 GC heap after
Heap after GC invocations=11 (full 1):
 PSYoungGen      total 120832K, used 9715K [0x00000000d6180000, 0x00000000de300000, 0x0000000100000000)
  eden space 111104K, 0% used [0x00000000d6180000,0x00000000d6180000,0x00000000dce00000)
  from space 9728K, 99% used [0x00000000dd900000,0x00000000de27cf48,0x00000000de280000)
  to   space 10752K, 0% used [0x00000000dce00000,0x00000000dce00000,0x00000000dd880000)
 ParOldGen       total 52224K, used 21622K [0x0000000082400000, 0x0000000085700000, 0x00000000d6180000)
  object space 52224K, 41% used [0x0000000082400000,0x000000008391dad8,0x0000000085700000)
 Metaspace       used 34818K, capacity 35222K, committed 35496K, reserved 1081344K
  class space    used 4388K, capacity 4482K, committed 4608K, reserved 1048576K
}
Event: 8.325 GC heap before
{Heap before GC invocations=12 (full 2):
 PSYoungGen      total 120832K, used 9715K [0x00000000d6180000, 0x00000000de300000, 0x0000000100000000)
  eden space 111104K, 0% used [0x00000000d6180000,0x00000000d6180000,0x00000000dce00000)
  from space 9728K, 99% used [0x00000000dd900000,0x00000000de27cf48,0x00000000de280000)
  to   space 10752K, 0% used [0x00000000dce00000,0x00000000dce00000,0x00000000dd880000)
 ParOldGen       total 52224K, used 21622K [0x0000000082400000, 0x0000000085700000, 0x00000000d6180000)
  object space 52224K, 41% used [0x0000000082400000,0x000000008391dad8,0x0000000085700000)
 Metaspace       used 34818K, capacity 35222K, committed 35496K, reserved 1081344K
  class space    used 4388K, capacity 4482K, committed 4608K, reserved 1048576K
Event: 8.473 GC heap after
Heap after GC invocations=12 (full 2):
 PSYoungGen      total 120832K, used 0K [0x00000000d6180000, 0x00000000de300000, 0x0000000100000000)
  eden space 111104K, 0% used [0x00000000d6180000,0x00000000d6180000,0x00000000dce00000)
  from space 9728K, 0% used [0x00000000dd900000,0x00000000dd900000,0x00000000de280000)
  to   space 10752K, 0% used [0x00000000dce00000,0x00000000dce00000,0x00000000dd880000)
 ParOldGen       total 52224K, used 28301K [0x0000000082400000, 0x0000000085700000, 0x00000000d6180000)
  object space 52224K, 54% used [0x0000000082400000,0x0000000083fa3438,0x0000000085700000)
 Metaspace       used 34818K, capacity 35222K, committed 35496K, reserved 1081344K
  class space    used 4388K, capacity 4482K, committed 4608K, reserved 1048576K
}
Event: 8.915 GC heap before
{Heap before GC invocations=13 (full 2):
 PSYoungGen      total 120832K, used 111104K [0x00000000d6180000, 0x00000000de300000, 0x0000000100000000)
  eden space 111104K, 100% used [0x00000000d6180000,0x00000000dce00000,0x00000000dce00000)
  from space 9728K, 0% used [0x00000000dd900000,0x00000000dd900000,0x00000000de280000)
  to   space 10752K, 0% used [0x00000000dce00000,0x00000000dce00000,0x00000000dd880000)
 ParOldGen       total 52224K, used 28301K [0x0000000082400000, 0x0000000085700000, 0x00000000d6180000)
  object space 52224K, 54% used [0x0000000082400000,0x0000000083fa3438,0x0000000085700000)
 Metaspace       used 36138K, capacity 36572K, committed 36904K, reserved 1081344K
  class space    used 4553K, capacity 4675K, committed 4736K, reserved 1048576K
Event: 8.921 GC heap after
Heap after GC invocations=13 (full 2):
 PSYoungGen      total 121856K, used 5258K [0x00000000d6180000, 0x00000000de300000, 0x0000000100000000)
  eden space 111104K, 0% used [0x00000000d6180000,0x00000000d6180000,0x00000000dce00000)
  from space 10752K, 48% used [0x00000000dce00000,0x00000000dd322b80,0x00000000dd880000)
  to   space 9728K, 0% used [0x00000000dd900000,0x00000000dd900000,0x00000000de280000)
 ParOldGen       total 52224K, used 28309K [0x0000000082400000, 0x0000000085700000, 0x00000000d6180000)
  object space 52224K, 54% used [0x0000000082400000,0x0000000083fa5438,0x0000000085700000)
 Metaspace       used 36138K, capacity 36572K, committed 36904K, reserved 1081344K
  class space    used 4553K, capacity 4675K, committed 4736K, reserved 1048576K
}
Event: 9.156 GC heap before
{Heap before GC invocations=14 (full 2):
 PSYoungGen      total 121856K, used 116362K [0x00000000d6180000, 0x00000000de300000, 0x0000000100000000)
  eden space 111104K, 100% used [0x00000000d6180000,0x00000000dce00000,0x00000000dce00000)
  from space 10752K, 48% used [0x00000000dce00000,0x00000000dd322b80,0x00000000dd880000)
  to   space 9728K, 0% used [0x00000000dd900000,0x00000000dd900000,0x00000000de280000)
 ParOldGen       total 52224K, used 28309K [0x0000000082400000, 0x0000000085700000, 0x00000000d6180000)
  object space 52224K, 54% used [0x0000000082400000,0x0000000083fa5438,0x0000000085700000)
 Metaspace       used 36529K, capacity 37000K, committed 37160K, reserved 1081344K
  class space    used 4596K, capacity 4709K, committed 4736K, reserved 1048576K
Event: 9.162 GC heap after
Heap after GC invocations=14 (full 2):
 PSYoungGen      total 120832K, used 6860K [0x00000000d6180000, 0x00000000de300000, 0x0000000100000000)
  eden space 111104K, 0% used [0x00000000d6180000,0x00000000d6180000,0x00000000dce00000)
  from space 9728K, 70% used [0x00000000dd900000,0x00000000ddfb32a0,0x00000000de280000)
  to   space 10752K, 0% used [0x00000000dce00000,0x00000000dce00000,0x00000000dd880000)
 ParOldGen       total 52224K, used 28317K [0x0000000082400000, 0x0000000085700000, 0x00000000d6180000)
  object space 52224K, 54% used [0x0000000082400000,0x0000000083fa7438,0x0000000085700000)
 Metaspace       used 36529K, capacity 37000K, committed 37160K, reserved 1081344K
  class space    used 4596K, capacity 4709K, committed 4736K, reserved 1048576K
}
Event: 10.283 GC heap before
{Heap before GC invocations=15 (full 2):
 PSYoungGen      total 120832K, used 117964K [0x00000000d6180000, 0x00000000de300000, 0x0000000100000000)
  eden space 111104K, 100% used [0x00000000d6180000,0x00000000dce00000,0x00000000dce00000)
  from space 9728K, 70% used [0x00000000dd900000,0x00000000ddfb32a0,0x00000000de280000)
  to   space 10752K, 0% used [0x00000000dce00000,0x00000000dce00000,0x00000000dd880000)
 ParOldGen       total 52224K, used 28317K [0x0000000082400000, 0x0000000085700000, 0x00000000d6180000)
  object space 52224K, 54% used [0x0000000082400000,0x0000000083fa7438,0x0000000085700000)
 Metaspace       used 39617K, capacity 40076K, committed 40576K, reserved 1085440K
  class space    used 5008K, capacity 5131K, committed 5248K, reserved 1048576K
Event: 10.297 GC heap after
Heap after GC invocations=15 (full 2):
 PSYoungGen      total 121856K, used 10728K [0x00000000d6180000, 0x00000000de300000, 0x0000000100000000)
  eden space 111104K, 0% used [0x00000000d6180000,0x00000000d6180000,0x00000000dce00000)
  from space 10752K, 99% used [0x00000000dce00000,0x00000000dd87a1c0,0x00000000dd880000)
  to   space 9728K, 0% used [0x00000000dd900000,0x00000000dd900000,0x00000000de280000)
 ParOldGen       total 52224K, used 30399K [0x0000000082400000, 0x0000000085700000, 0x00000000d6180000)
  object space 52224K, 58% used [0x0000000082400000,0x00000000841afc28,0x0000000085700000)
 Metaspace       used 39617K, capacity 40076K, committed 40576K, reserved 1085440K
  class space    used 5008K, capacity 5131K, committed 5248K, reserved 1048576K
}

